-------------------------------------------------------------------------------
Test set: com.example.CartTest
-------------------------------------------------------------------------------
Tests run: 13, Failures: 12, Errors: 0, Skipped: 0, Time elapsed: 0.488 sec <<< FAILURE!
com.example.CartTest.testAddProduct()  Time elapsed: 0.065 sec  <<< FAILURE!
java.lang.NullPointerException: Cannot invoke "com.example.Cart.addProduct(com.example.Product)" because "this.cart" is null
	at com.example.CartTest.testAddProduct(CartTest.java:93)

com.example.CartTest.testGetTotalPrice()  Time elapsed: 0.006 sec  <<< FAILURE!
java.lang.NullPointerException: Cannot invoke "com.example.Cart.getTotalPrice()" because "this.cart" is null
	at com.example.CartTest.testGetTotalPrice(CartTest.java:105)

com.example.CartTest.testSortProductsByPriceDescending()  Time elapsed: 0.013 sec  <<< FAILURE!
java.lang.NullPointerException: Cannot invoke "com.example.Cart.setSortingService(com.example.ProductSortingStrategy)" because "this.cart" is null
	at com.example.CartTest.testSortProductsByPriceDescending(CartTest.java:120)

com.example.CartTest.testSortProductsByNameAscendingSortingStrategy()  Time elapsed: 0.023 sec  <<< FAILURE!
java.lang.NullPointerException: Cannot invoke "com.example.Cart.setSortingService(com.example.ProductSortingStrategy)" because "this.cart" is null
	at com.example.CartTest.testSortProductsByNameAscendingSortingStrategy(CartTest.java:133)

com.example.CartTest.testSearchMostExpensiveProduct()  Time elapsed: 0.026 sec  <<< FAILURE!
java.lang.NullPointerException: Cannot invoke "com.example.Cart.searchProducts(com.example.ProductSearchStrategy, int)" because "this.cart" is null
	at com.example.CartTest.testSearchMostExpensiveProduct(CartTest.java:143)

com.example.CartTest.testApplyPercentageDiscount()  Time elapsed: 0.021 sec  <<< FAILURE!
java.lang.NullPointerException: Cannot invoke "com.example.Cart.addDiscount(com.example.Discount)" because "this.cart" is null
	at com.example.CartTest.testApplyPercentageDiscount(CartTest.java:155)

com.example.CartTest.testIsValid_whenProductsArrayIsEmpty()  Time elapsed: 0.114 sec  <<< FAILURE!
java.lang.NullPointerException: Cannot invoke "com.example.ProductSearchValidator.isValid(com.example.Product[], int)" because "this.searchValidator" is null
	at com.example.CartTest.testIsValid_whenProductsArrayIsEmpty(CartTest.java:229)

com.example.CartTest.testIsValid_whenNIsZero()  Time elapsed: 0.027 sec  <<< FAILURE!
java.lang.NullPointerException: Cannot invoke "com.example.ProductSearchValidator.isValid(com.example.Product[], int)" because "this.searchValidator" is null
	at com.example.CartTest.testIsValid_whenNIsZero(CartTest.java:235)

com.example.CartTest.testIsValid_whenNIsNegative()  Time elapsed: 0 sec  <<< FAILURE!
java.lang.NullPointerException: Cannot invoke "com.example.ProductSearchValidator.isValid(com.example.Product[], int)" because "this.searchValidator" is null
	at com.example.CartTest.testIsValid_whenNIsNegative(CartTest.java:241)

com.example.CartTest.testIsValid_whenNIsGreaterThanArrayLength()  Time elapsed: 0.001 sec  <<< FAILURE!
java.lang.NullPointerException: Cannot invoke "com.example.ProductSearchValidator.isValid(com.example.Product[], int)" because "this.searchValidator" is null
	at com.example.CartTest.testIsValid_whenNIsGreaterThanArrayLength(CartTest.java:247)

com.example.CartTest.testIsValid_whenNIsValid()  Time elapsed: 0 sec  <<< FAILURE!
java.lang.NullPointerException: Cannot invoke "com.example.ProductSearchValidator.isValid(com.example.Product[], int)" because "this.searchValidator" is null
	at com.example.CartTest.testIsValid_whenNIsValid(CartTest.java:253)

com.example.CartTest.testIsValid_whenNEqualsArrayLength()  Time elapsed: 0 sec  <<< FAILURE!
java.lang.NullPointerException: Cannot invoke "com.example.ProductSearchValidator.isValid(com.example.Product[], int)" because "this.searchValidator" is null
	at com.example.CartTest.testIsValid_whenNEqualsArrayLength(CartTest.java:259)

