<?xml version="1.0" encoding="UTF-8" ?>
<testsuite tests="13" failures="12" name="com.example.CartTest" time="0.479" errors="0" skipped="0">
  <properties>
[...]
</properties>
  <testcase classname="com.example.CartTest" name="com.example.CartTest.testAddProduct" time="0.065">
    <failure message="Cannot invoke &quot;com.example.Cart.addProduct(com.example.Product)&quot; because &quot;this.cart&quot; is null" type="java.lang.NullPointerException">java.lang.NullPointerException: Cannot invoke &quot;com.example.Cart.addProduct(com.example.Product)&quot; because &quot;this.cart&quot; is null
	at com.example.CartTest.testAddProduct(CartTest.java:93)
</failure>
  </testcase>
  <testcase classname="com.example.CartTest" name="com.example.CartTest.testGetTotalPrice" time="0.006">
    <failure message="Cannot invoke &quot;com.example.Cart.getTotalPrice()&quot; because &quot;this.cart&quot; is null" type="java.lang.NullPointerException">java.lang.NullPointerException: Cannot invoke &quot;com.example.Cart.getTotalPrice()&quot; because &quot;this.cart&quot; is null
	at com.example.CartTest.testGetTotalPrice(CartTest.java:105)
</failure>
  </testcase>
  <testcase classname="com.example.CartTest" name="com.example.CartTest.testSortProductsByPriceDescending" time="0.013">
    <failure message="Cannot invoke &quot;com.example.Cart.setSortingService(com.example.ProductSortingStrategy)&quot; because &quot;this.cart&quot; is null" type="java.lang.NullPointerException">java.lang.NullPointerException: Cannot invoke &quot;com.example.Cart.setSortingService(com.example.ProductSortingStrategy)&quot; because &quot;this.cart&quot; is null
	at com.example.CartTest.testSortProductsByPriceDescending(CartTest.java:120)
</failure>
  </testcase>
  <testcase classname="com.example.CartTest" name="com.example.CartTest.testSortProductsByNameAscendingSortingStrategy" time="0.023">
    <failure message="Cannot invoke &quot;com.example.Cart.setSortingService(com.example.ProductSortingStrategy)&quot; because &quot;this.cart&quot; is null" type="java.lang.NullPointerException">java.lang.NullPointerException: Cannot invoke &quot;com.example.Cart.setSortingService(com.example.ProductSortingStrategy)&quot; because &quot;this.cart&quot; is null
	at com.example.CartTest.testSortProductsByNameAscendingSortingStrategy(CartTest.java:133)
</failure>
  </testcase>
  <testcase classname="com.example.CartTest" name="com.example.CartTest.testSearchMostExpensiveProduct" time="0.026">
    <failure message="Cannot invoke &quot;com.example.Cart.searchProducts(com.example.ProductSearchStrategy, int)&quot; because &quot;this.cart&quot; is null" type="java.lang.NullPointerException">java.lang.NullPointerException: Cannot invoke &quot;com.example.Cart.searchProducts(com.example.ProductSearchStrategy, int)&quot; because &quot;this.cart&quot; is null
	at com.example.CartTest.testSearchMostExpensiveProduct(CartTest.java:143)
</failure>
  </testcase>
  <testcase classname="com.example.CartTest" name="com.example.CartTest.testApplyPercentageDiscount" time="0.021">
    <failure message="Cannot invoke &quot;com.example.Cart.addDiscount(com.example.Discount)&quot; because &quot;this.cart&quot; is null" type="java.lang.NullPointerException">java.lang.NullPointerException: Cannot invoke &quot;com.example.Cart.addDiscount(com.example.Discount)&quot; because &quot;this.cart&quot; is null
	at com.example.CartTest.testApplyPercentageDiscount(CartTest.java:155)
</failure>
  </testcase>
  <testcase classname="com.example.CartTest" name="com.example.CartTest.testApplyBestDiscounts" time="0.183"/>
  <testcase classname="com.example.CartTest" name="com.example.CartTest.testIsValid_whenProductsArrayIsEmpty" time="0.114">
    <failure message="Cannot invoke &quot;com.example.ProductSearchValidator.isValid(com.example.Product[], int)&quot; because &quot;this.searchValidator&quot; is null" type="java.lang.NullPointerException">java.lang.NullPointerException: Cannot invoke &quot;com.example.ProductSearchValidator.isValid(com.example.Product[], int)&quot; because &quot;this.searchValidator&quot; is null
	at com.example.CartTest.testIsValid_whenProductsArrayIsEmpty(CartTest.java:229)
</failure>
  </testcase>
  <testcase classname="com.example.CartTest" name="com.example.CartTest.testIsValid_whenNIsZero" time="0.027">
    <failure message="Cannot invoke &quot;com.example.ProductSearchValidator.isValid(com.example.Product[], int)&quot; because &quot;this.searchValidator&quot; is null" type="java.lang.NullPointerException">java.lang.NullPointerException: Cannot invoke &quot;com.example.ProductSearchValidator.isValid(com.example.Product[], int)&quot; because &quot;this.searchValidator&quot; is null
	at com.example.CartTest.testIsValid_whenNIsZero(CartTest.java:235)
</failure>
  </testcase>
  <testcase classname="com.example.CartTest" name="com.example.CartTest.testIsValid_whenNIsNegative" time="0">
    <failure message="Cannot invoke &quot;com.example.ProductSearchValidator.isValid(com.example.Product[], int)&quot; because &quot;this.searchValidator&quot; is null" type="java.lang.NullPointerException">java.lang.NullPointerException: Cannot invoke &quot;com.example.ProductSearchValidator.isValid(com.example.Product[], int)&quot; because &quot;this.searchValidator&quot; is null
	at com.example.CartTest.testIsValid_whenNIsNegative(CartTest.java:241)
</failure>
  </testcase>
  <testcase classname="com.example.CartTest" name="com.example.CartTest.testIsValid_whenNIsGreaterThanArrayLength" time="0.001">
    <failure message="Cannot invoke &quot;com.example.ProductSearchValidator.isValid(com.example.Product[], int)&quot; because &quot;this.searchValidator&quot; is null" type="java.lang.NullPointerException">java.lang.NullPointerException: Cannot invoke &quot;com.example.ProductSearchValidator.isValid(com.example.Product[], int)&quot; because &quot;this.searchValidator&quot; is null
	at com.example.CartTest.testIsValid_whenNIsGreaterThanArrayLength(CartTest.java:247)
</failure>
  </testcase>
  <testcase classname="com.example.CartTest" name="com.example.CartTest.testIsValid_whenNIsValid" time="0">
    <failure message="Cannot invoke &quot;com.example.ProductSearchValidator.isValid(com.example.Product[], int)&quot; because &quot;this.searchValidator&quot; is null" type="java.lang.NullPointerException">java.lang.NullPointerException: Cannot invoke &quot;com.example.ProductSearchValidator.isValid(com.example.Product[], int)&quot; because &quot;this.searchValidator&quot; is null
	at com.example.CartTest.testIsValid_whenNIsValid(CartTest.java:253)
</failure>
  </testcase>
  <testcase classname="com.example.CartTest" name="com.example.CartTest.testIsValid_whenNEqualsArrayLength" time="0">
    <failure message="Cannot invoke &quot;com.example.ProductSearchValidator.isValid(com.example.Product[], int)&quot; because &quot;this.searchValidator&quot; is null" type="java.lang.NullPointerException">java.lang.NullPointerException: Cannot invoke &quot;com.example.ProductSearchValidator.isValid(com.example.Product[], int)&quot; because &quot;this.searchValidator&quot; is null
	at com.example.CartTest.testIsValid_whenNEqualsArrayLength(CartTest.java:259)
</failure>
  </testcase>
</testsuite>